{"total": {"lines":{"total":331,"covered":242,"skipped":0,"pct":73.11},"statements":{"total":331,"covered":242,"skipped":0,"pct":73.11},"functions":{"total":10,"covered":8,"skipped":0,"pct":80},"branches":{"total":29,"covered":25,"skipped":0,"pct":86.2},"branchesTrue":{"total":0,"covered":0,"skipped":0,"pct":100}}
,"/mnt/c/Users/ggcap/WebstormProjects/ai18next/src/components/constants/constants.js": {"lines":{"total":36,"covered":36,"skipped":0,"pct":100},"functions":{"total":0,"covered":0,"skipped":0,"pct":100},"statements":{"total":36,"covered":36,"skipped":0,"pct":100},"branches":{"total":1,"covered":1,"skipped":0,"pct":100}}
,"/mnt/c/Users/ggcap/WebstormProjects/ai18next/src/components/openai/openai.js": {"lines":{"total":12,"covered":7,"skipped":0,"pct":58.33},"functions":{"total":1,"covered":0,"skipped":0,"pct":0},"statements":{"total":12,"covered":7,"skipped":0,"pct":58.33},"branches":{"total":1,"covered":1,"skipped":0,"pct":100}}
,"/mnt/c/Users/ggcap/WebstormProjects/ai18next/src/components/parser/parser.js": {"lines":{"total":85,"covered":36,"skipped":0,"pct":42.35},"functions":{"total":2,"covered":1,"skipped":0,"pct":50},"statements":{"total":85,"covered":36,"skipped":0,"pct":42.35},"branches":{"total":3,"covered":2,"skipped":0,"pct":66.66}}
,"/mnt/c/Users/ggcap/WebstormProjects/ai18next/src/components/processor/processor.js": {"lines":{"total":198,"covered":163,"skipped":0,"pct":82.32},"functions":{"total":7,"covered":7,"skipped":0,"pct":100},"statements":{"total":198,"covered":163,"skipped":0,"pct":82.32},"branches":{"total":24,"covered":21,"skipped":0,"pct":87.5}}
}
