{"total": {"lines":{"total":331,"covered":303,"skipped":0,"pct":91.54},"statements":{"total":331,"covered":303,"skipped":0,"pct":91.54},"functions":{"total":10,"covered":8,"skipped":0,"pct":80},"branches":{"total":33,"covered":31,"skipped":0,"pct":93.93},"branchesTrue":{"total":0,"covered":0,"skipped":0,"pct":100}}
,"/mnt/c/Users/ggcap/WebstormProjects/ai18next/src/components/constants/constants.js": {"lines":{"total":36,"covered":36,"skipped":0,"pct":100},"functions":{"total":0,"covered":0,"skipped":0,"pct":100},"statements":{"total":36,"covered":36,"skipped":0,"pct":100},"branches":{"total":1,"covered":1,"skipped":0,"pct":100}}
,"/mnt/c/Users/ggcap/WebstormProjects/ai18next/src/components/openai/openai.js": {"lines":{"total":12,"covered":7,"skipped":0,"pct":58.33},"functions":{"total":1,"covered":0,"skipped":0,"pct":0},"statements":{"total":12,"covered":7,"skipped":0,"pct":58.33},"branches":{"total":1,"covered":1,"skipped":0,"pct":100}}
,"/mnt/c/Users/ggcap/WebstormProjects/ai18next/src/components/parser/parser.js": {"lines":{"total":85,"covered":69,"skipped":0,"pct":81.17},"functions":{"total":2,"covered":1,"skipped":0,"pct":50},"statements":{"total":85,"covered":69,"skipped":0,"pct":81.17},"branches":{"total":5,"covered":5,"skipped":0,"pct":100}}
,"/mnt/c/Users/ggcap/WebstormProjects/ai18next/src/components/processor/processor.js": {"lines":{"total":198,"covered":191,"skipped":0,"pct":96.46},"functions":{"total":7,"covered":7,"skipped":0,"pct":100},"statements":{"total":198,"covered":191,"skipped":0,"pct":96.46},"branches":{"total":26,"covered":24,"skipped":0,"pct":92.3}}
}
